<?xml version="1.0" encoding="UTF-8"?>
<testsuite xmlns:xsi="http://www.w3.org/2001/XMLSchema-instance" xsi:noNamespaceSchemaLocation="https://maven.apache.org/surefire/maven-surefire-plugin/xsd/surefire-test-report-3.0.xsd" version="3.0" name="com.datadog.ase.kubehound.KubeHoundDslTest" time="0.151" tests="4" errors="0" skipped="0" failures="0">
  <properties>
    <property name="gopherProxySet" value="false"/>
    <property name="awt.toolkit" value="sun.lwawt.macosx.LWCToolkit"/>
    <property name="file.encoding.pkg" value="sun.io"/>
    <property name="java.specification.version" value="1.8"/>
    <property name="sun.cpu.isalist" value=""/>
    <property name="sun.jnu.encoding" value="UTF-8"/>
    <property name="java.class.path" value="/Users/jeremy.fox/go/src/github.com/DataDog/KubeHound/dsl/kubehound/target/test-classes:/Users/jeremy.fox/go/src/github.com/DataDog/KubeHound/dsl/kubehound/target/classes:/Users/jeremy.fox/.m2/repository/org/apache/tinkerpop/tinkergraph-gremlin/3.6.2/tinkergraph-gremlin-3.6.2.jar:/Users/jeremy.fox/.m2/repository/org/apache/tinkerpop/gremlin-core/3.6.2/gremlin-core-3.6.2.jar:/Users/jeremy.fox/.m2/repository/org/apache/tinkerpop/gremlin-shaded/3.6.2/gremlin-shaded-3.6.2.jar:/Users/jeremy.fox/.m2/repository/org/apache/tinkerpop/gremlin-language/3.6.2/gremlin-language-3.6.2.jar:/Users/jeremy.fox/.m2/repository/org/antlr/antlr4-runtime/4.9.1/antlr4-runtime-4.9.1.jar:/Users/jeremy.fox/.m2/repository/org/javatuples/javatuples/1.2/javatuples-1.2.jar:/Users/jeremy.fox/.m2/repository/org/apache/commons/commons-text/1.10.0/commons-text-1.10.0.jar:/Users/jeremy.fox/.m2/repository/org/apache/commons/commons-configuration2/2.8.0/commons-configuration2-2.8.0.jar:/Users/jeremy.fox/.m2/repository/commons-logging/commons-logging/1.2/commons-logging-1.2.jar:/Users/jeremy.fox/.m2/repository/commons-beanutils/commons-beanutils/1.9.4/commons-beanutils-1.9.4.jar:/Users/jeremy.fox/.m2/repository/commons-collections/commons-collections/3.2.2/commons-collections-3.2.2.jar:/Users/jeremy.fox/.m2/repository/org/yaml/snakeyaml/1.32/snakeyaml-1.32.jar:/Users/jeremy.fox/.m2/repository/com/carrotsearch/hppc/0.7.1/hppc-0.7.1.jar:/Users/jeremy.fox/.m2/repository/com/jcabi/jcabi-manifests/1.2.1/jcabi-manifests-1.2.1.jar:/Users/jeremy.fox/.m2/repository/com/jcabi/jcabi-log/0.20.0/jcabi-log-0.20.0.jar:/Users/jeremy.fox/.m2/repository/net/objecthunter/exp4j/0.4.8/exp4j-0.4.8.jar:/Users/jeremy.fox/.m2/repository/org/slf4j/jcl-over-slf4j/1.7.25/jcl-over-slf4j-1.7.25.jar:/Users/jeremy.fox/.m2/repository/org/apache/commons/commons-lang3/3.11/commons-lang3-3.11.jar:/Users/jeremy.fox/.m2/repository/org/apache/tinkerpop/gremlin-annotations/3.6.2/gremlin-annotations-3.6.2.jar:/Users/jeremy.fox/.m2/repository/com/squareup/javapoet/1.13.0/javapoet-1.13.0.jar:/Users/jeremy.fox/.m2/repository/ch/qos/logback/logback-classic/1.2.11/logback-classic-1.2.11.jar:/Users/jeremy.fox/.m2/repository/ch/qos/logback/logback-core/1.2.11/logback-core-1.2.11.jar:/Users/jeremy.fox/.m2/repository/org/slf4j/slf4j-api/1.7.32/slf4j-api-1.7.32.jar:/Users/jeremy.fox/.m2/repository/junit/junit/4.13.1/junit-4.13.1.jar:/Users/jeremy.fox/.m2/repository/org/hamcrest/hamcrest-core/1.3/hamcrest-core-1.3.jar:"/>
    <property name="java.vm.vendor" value="Azul Systems, Inc."/>
    <property name="sun.arch.data.model" value="64"/>
    <property name="java.vendor.url" value="http://www.azul.com/"/>
    <property name="user.timezone" value=""/>
    <property name="java.vm.specification.version" value="1.8"/>
    <property name="os.name" value="Mac OS X"/>
    <property name="user.country" value="GB"/>
    <property name="sun.java.launcher" value="SUN_STANDARD"/>
    <property name="sun.boot.library.path" value="/Library/Java/JavaVirtualMachines/zulu-8.jdk/Contents/Home/jre/lib"/>
    <property name="sun.java.command" value="/Users/jeremy.fox/go/src/github.com/DataDog/KubeHound/dsl/kubehound/target/surefire/surefirebooter-20230814165115353_3.jar /Users/jeremy.fox/go/src/github.com/DataDog/KubeHound/dsl/kubehound/target/surefire 2023-08-14T16-51-14_846-jvmRun1 surefire-20230814165115353_1tmp surefire_0-20230814165115353_2tmp"/>
    <property name="http.nonProxyHosts" value="local|*.local|169.254/16|*.169.254/16"/>
    <property name="surefire.test.class.path" value="/Users/jeremy.fox/go/src/github.com/DataDog/KubeHound/dsl/kubehound/target/test-classes:/Users/jeremy.fox/go/src/github.com/DataDog/KubeHound/dsl/kubehound/target/classes:/Users/jeremy.fox/.m2/repository/org/apache/tinkerpop/tinkergraph-gremlin/3.6.2/tinkergraph-gremlin-3.6.2.jar:/Users/jeremy.fox/.m2/repository/org/apache/tinkerpop/gremlin-core/3.6.2/gremlin-core-3.6.2.jar:/Users/jeremy.fox/.m2/repository/org/apache/tinkerpop/gremlin-shaded/3.6.2/gremlin-shaded-3.6.2.jar:/Users/jeremy.fox/.m2/repository/org/apache/tinkerpop/gremlin-language/3.6.2/gremlin-language-3.6.2.jar:/Users/jeremy.fox/.m2/repository/org/antlr/antlr4-runtime/4.9.1/antlr4-runtime-4.9.1.jar:/Users/jeremy.fox/.m2/repository/org/javatuples/javatuples/1.2/javatuples-1.2.jar:/Users/jeremy.fox/.m2/repository/org/apache/commons/commons-text/1.10.0/commons-text-1.10.0.jar:/Users/jeremy.fox/.m2/repository/org/apache/commons/commons-configuration2/2.8.0/commons-configuration2-2.8.0.jar:/Users/jeremy.fox/.m2/repository/commons-logging/commons-logging/1.2/commons-logging-1.2.jar:/Users/jeremy.fox/.m2/repository/commons-beanutils/commons-beanutils/1.9.4/commons-beanutils-1.9.4.jar:/Users/jeremy.fox/.m2/repository/commons-collections/commons-collections/3.2.2/commons-collections-3.2.2.jar:/Users/jeremy.fox/.m2/repository/org/yaml/snakeyaml/1.32/snakeyaml-1.32.jar:/Users/jeremy.fox/.m2/repository/com/carrotsearch/hppc/0.7.1/hppc-0.7.1.jar:/Users/jeremy.fox/.m2/repository/com/jcabi/jcabi-manifests/1.2.1/jcabi-manifests-1.2.1.jar:/Users/jeremy.fox/.m2/repository/com/jcabi/jcabi-log/0.20.0/jcabi-log-0.20.0.jar:/Users/jeremy.fox/.m2/repository/net/objecthunter/exp4j/0.4.8/exp4j-0.4.8.jar:/Users/jeremy.fox/.m2/repository/org/slf4j/jcl-over-slf4j/1.7.25/jcl-over-slf4j-1.7.25.jar:/Users/jeremy.fox/.m2/repository/org/apache/commons/commons-lang3/3.11/commons-lang3-3.11.jar:/Users/jeremy.fox/.m2/repository/org/apache/tinkerpop/gremlin-annotations/3.6.2/gremlin-annotations-3.6.2.jar:/Users/jeremy.fox/.m2/repository/com/squareup/javapoet/1.13.0/javapoet-1.13.0.jar:/Users/jeremy.fox/.m2/repository/ch/qos/logback/logback-classic/1.2.11/logback-classic-1.2.11.jar:/Users/jeremy.fox/.m2/repository/ch/qos/logback/logback-core/1.2.11/logback-core-1.2.11.jar:/Users/jeremy.fox/.m2/repository/org/slf4j/slf4j-api/1.7.32/slf4j-api-1.7.32.jar:/Users/jeremy.fox/.m2/repository/junit/junit/4.13.1/junit-4.13.1.jar:/Users/jeremy.fox/.m2/repository/org/hamcrest/hamcrest-core/1.3/hamcrest-core-1.3.jar:"/>
    <property name="sun.cpu.endian" value="little"/>
    <property name="user.home" value="/Users/jeremy.fox"/>
    <property name="user.language" value="en"/>
    <property name="java.specification.vendor" value="Oracle Corporation"/>
    <property name="java.home" value="/Library/Java/JavaVirtualMachines/zulu-8.jdk/Contents/Home/jre"/>
    <property name="basedir" value="/Users/jeremy.fox/go/src/github.com/DataDog/KubeHound/dsl/kubehound"/>
    <property name="file.separator" value="/"/>
    <property name="line.separator" value="&#10;"/>
    <property name="jdk.vendor.version" value="Zulu 8.68.0.21-CA-macos-aarch64"/>
    <property name="java.vm.specification.vendor" value="Oracle Corporation"/>
    <property name="java.specification.name" value="Java Platform API Specification"/>
    <property name="java.awt.graphicsenv" value="sun.awt.CGraphicsEnvironment"/>
    <property name="surefire.real.class.path" value="/Users/jeremy.fox/go/src/github.com/DataDog/KubeHound/dsl/kubehound/target/surefire/surefirebooter-20230814165115353_3.jar"/>
    <property name="sun.boot.class.path" value="/Library/Java/JavaVirtualMachines/zulu-8.jdk/Contents/Home/jre/lib/resources.jar:/Library/Java/JavaVirtualMachines/zulu-8.jdk/Contents/Home/jre/lib/rt.jar:/Library/Java/JavaVirtualMachines/zulu-8.jdk/Contents/Home/jre/lib/sunrsasign.jar:/Library/Java/JavaVirtualMachines/zulu-8.jdk/Contents/Home/jre/lib/jsse.jar:/Library/Java/JavaVirtualMachines/zulu-8.jdk/Contents/Home/jre/lib/jce.jar:/Library/Java/JavaVirtualMachines/zulu-8.jdk/Contents/Home/jre/lib/charsets.jar:/Library/Java/JavaVirtualMachines/zulu-8.jdk/Contents/Home/jre/lib/jfr.jar:/Library/Java/JavaVirtualMachines/zulu-8.jdk/Contents/Home/jre/lib/cat.jar:/Library/Java/JavaVirtualMachines/zulu-8.jdk/Contents/Home/jre/classes"/>
    <property name="sun.management.compiler" value="HotSpot 64-Bit Tiered Compilers"/>
    <property name="ftp.nonProxyHosts" value="local|*.local|169.254/16|*.169.254/16"/>
    <property name="java.runtime.version" value="1.8.0_362-b09"/>
    <property name="user.name" value="jeremy.fox"/>
    <property name="path.separator" value=":"/>
    <property name="os.version" value="13.4.1"/>
    <property name="java.endorsed.dirs" value="/Library/Java/JavaVirtualMachines/zulu-8.jdk/Contents/Home/jre/lib/endorsed"/>
    <property name="java.runtime.name" value="OpenJDK Runtime Environment"/>
    <property name="file.encoding" value="UTF-8"/>
    <property name="java.vm.name" value="OpenJDK 64-Bit Server VM"/>
    <property name="localRepository" value="/Users/jeremy.fox/.m2/repository"/>
    <property name="java.vendor.url.bug" value="http://www.azul.com/support/"/>
    <property name="java.io.tmpdir" value="/var/folders/8k/604lc8jj1s7ddd13h00pgyx80000gq/T/"/>
    <property name="java.version" value="1.8.0_362"/>
    <property name="user.dir" value="/Users/jeremy.fox/go/src/github.com/DataDog/KubeHound/dsl/kubehound"/>
    <property name="os.arch" value="aarch64"/>
    <property name="java.vm.specification.name" value="Java Virtual Machine Specification"/>
    <property name="java.awt.printerjob" value="sun.lwawt.macosx.CPrinterJob"/>
    <property name="sun.os.patch.level" value="unknown"/>
    <property name="java.library.path" value="/Users/jeremy.fox/Library/Java/Extensions:/Library/Java/Extensions:/Network/Library/Java/Extensions:/System/Library/Java/Extensions:/usr/lib/java:."/>
    <property name="java.vm.info" value="mixed mode"/>
    <property name="java.vendor" value="Azul Systems, Inc."/>
    <property name="java.vm.version" value="25.362-b09"/>
    <property name="java.specification.maintenance.version" value="4"/>
    <property name="java.ext.dirs" value="/Users/jeremy.fox/Library/Java/Extensions:/Library/Java/JavaVirtualMachines/zulu-8.jdk/Contents/Home/jre/lib/ext:/Library/Java/Extensions:/Network/Library/Java/Extensions:/System/Library/Java/Extensions:/usr/lib/java"/>
    <property name="sun.io.unicode.encoding" value="UnicodeBig"/>
    <property name="java.class.version" value="52.0"/>
    <property name="socksNonProxyHosts" value="local|*.local|169.254/16|*.169.254/16"/>
  </properties>
  <testcase name="shouldFindAllPersonsWithTwoOrMoreProjects" classname="com.datadog.ase.kubehound.KubeHoundDslTest" time="0.108"/>
  <testcase name="shouldFindAllPersons" classname="com.datadog.ase.kubehound.KubeHoundDslTest" time="0"/>
  <testcase name="shouldGetAgeOfYoungestFriendOfMarko" classname="com.datadog.ase.kubehound.KubeHoundDslTest" time="0.003"/>
  <testcase name="shouldValidateThatMarkoKnowsJosh" classname="com.datadog.ase.kubehound.KubeHoundDslTest" time="0.002"/>
</testsuite>